\BOOKMARK [0][-]{chapter.1}{\376\377\000F\000o\000r\000e\000w\000o\000r\000d}{}% 1
\BOOKMARK [1][-]{section.1.1}{\376\377\000A\000b\000s\000t\000r\000a\000c\000t\000:\000\040\000E\000n\000g\000l\000i\000s\000h}{chapter.1}% 2
\BOOKMARK [1][-]{section.1.2}{\376\377\000A\000b\000s\000t\000r\000a\000c\000t\000:\000\040\000N\000e\000d\000e\000r\000l\000a\000n\000d\000s}{chapter.1}% 3
\BOOKMARK [0][-]{chapter.2}{\376\377\000B\000a\000c\000k\000g\000r\000o\000u\000n\000d}{}% 4
\BOOKMARK [1][-]{section.2.1}{\376\377\000S\000t\000a\000n\000d\000a\000r\000d\000\040\000m\000o\000d\000e\000l}{chapter.2}% 5
\BOOKMARK [2][-]{subsection.2.1.1}{\376\377\000V\000-\000A\000\040\000t\000h\000e\000o\000r\000y}{section.2.1}% 6
\BOOKMARK [1][-]{section.2.2}{\376\377\000D\000i\000s\000c\000o\000v\000e\000r\000y}{chapter.2}% 7
\BOOKMARK [2][-]{subsection.2.2.1}{\376\377\000S\000e\000e\000-\000s\000a\000w\000\040\000m\000e\000c\000h\000a\000n\000i\000s\000m}{section.2.2}% 8
\BOOKMARK [1][-]{section.2.3}{\376\377\000W\000h\000y\000?}{chapter.2}% 9
\BOOKMARK [2][-]{subsection.2.3.1}{\376\377\000S\000u\000p\000e\000r\000n\000o\000v\000a\000e}{section.2.3}% 10
\BOOKMARK [2][-]{subsection.2.3.2}{\376\377\000O\000s\000c\000i\000l\000l\000a\000t\000i\000o\000n\000s}{section.2.3}% 11
\BOOKMARK [2][-]{subsection.2.3.3}{\376\377\000M\000a\000j\000o\000r\000a\000n\000a}{section.2.3}% 12
\BOOKMARK [1][-]{section.2.4}{\376\377\000O\000u\000t\000s\000i\000d\000e\000\040\000s\000o\000u\000r\000c\000e\000s}{chapter.2}% 13
\BOOKMARK [2][-]{subsection.2.4.1}{\376\377\000p\000r\000i\000m\000o\000r\000d\000i\000a\000l\000\040\000n\000e\000u\000t\000r\000i\000n\000o\000s}{section.2.4}% 14
\BOOKMARK [1][-]{section.2.5}{\376\377\000W\000h\000y\000\040\000l\000o\000o\000k\000\040\000f\000o\000r\000\040\000t\000h\000e\000m\000?}{chapter.2}% 15
\BOOKMARK [0][-]{chapter.3}{\376\377\000R\000a\000d\000i\000o\000\040\000d\000e\000t\000e\000c\000t\000i\000o\000n}{}% 16
\BOOKMARK [1][-]{section.3.1}{\376\377\000S\000p\000e\000c\000t\000r\000a\000l\000\040\000d\000i\000s\000t\000r\000i\000b\000u\000t\000i\000o\000n\000\040\000o\000f\000\040\000r\000a\000d\000i\000a\000t\000i\000o\000n}{chapter.3}% 17
\BOOKMARK [1][-]{section.3.2}{\376\377\000C\000h\000e\000r\000e\000n\000k\000o\000v\000\040\000r\000a\000d\000i\000a\000t\000i\000o\000n}{chapter.3}% 18
\BOOKMARK [1][-]{section.3.3}{\376\377\000R\000e\000c\000o\000n\000s\000t\000r\000u\000c\000t\000i\000o\000n}{chapter.3}% 19
\BOOKMARK [0][-]{chapter.4}{\376\377\000T\000h\000e\000\040\000D\000e\000t\000e\000c\000t\000o\000r}{}% 20
